# JRE version: OpenJDK Runtime Environment Temurin-25.0.2+10 (25.0.2+10) (build 25.0.2+10-LTS)
# Java VM: OpenJDK 64-Bit Server VM Temurin-25.0.2+10 (25.0.2+10-LTS, mixed mode, sharing, tiered, compressed oops, compressed class ptrs, g1 gc, windows-amd64)
GC Precious Log:
 CardTable entry size: 512
 Card Set container configuration: InlinePtr #cards 4 size 8 Array Of Cards #cards 32 size 80 Howl #buckets 8 coarsen threshold 7372 Howl Bitmap #cards 1024 size 144 coarsen threshold 921 Card regions per heap region 1 cards per card region 8192
 CPUs: 12 total, 12 available
 Memory: 15722M
 Large Page Support: Disabled
 NUMA Support: Disabled
 Compressed Oops: Enabled (Zero based)
 Heap Region Size: 4M
 Heap Min Capacity: 8M
 Heap Initial Capacity: 248M
 Heap Max Capacity: 6G
 Pre-touch: Disabled
 Parallel Workers: 10
 Concurrent Workers: 3
 Concurrent Refinement Workers: 10
 Periodic GC: Disabled
Heap:
 garbage-first heap   total reserved 6291456K, committed 1605632K, used 1316373K [0x0000000680000000, 0x0000000800000000)
  region size 4096K, 56 young (229376K), 13 survivors (53248K)
GC Heap Usage History (20 events):
Event: 31.214 {heap Before GC invocations=55 (full 0):
 garbage-first heap   total reserved 6291456K, committed 1515520K, used 1349196K [0x0000000680000000, 0x0000000800000000)
  region size 4096K, 171 young (700416K), 6 survivors (24576K)
}
Event: 31.239 {heap After GC invocations=56 (full 0):
 garbage-first heap   total reserved 6291456K, committed 1515520K, used 701090K [0x0000000680000000, 0x0000000800000000)
  region size 4096K, 13 young (53248K), 13 survivors (53248K)
}
Event: 35.797 {heap Before GC invocations=56 (full 0):
 garbage-first heap   total reserved 6291456K, committed 1515520K, used 1368738K [0x0000000680000000, 0x0000000800000000)
  region size 4096K, 176 young (720896K), 13 survivors (53248K)
}
Event: 35.854 {heap After GC invocations=57 (full 0):
 garbage-first heap   total reserved 6291456K, committed 1515520K, used 752779K [0x0000000680000000, 0x0000000800000000)
  region size 4096K, 22 young (90112K), 22 survivors (90112K)
}
Event: 39.387 {heap Before GC invocations=57 (full 0):
 garbage-first heap   total reserved 6291456K, committed 1515520K, used 1334411K [0x0000000680000000, 0x0000000800000000)
  region size 4096K, 164 young (671744K), 22 survivors (90112K)
}
Event: 39.457 {heap After GC invocations=58 (full 0):
 garbage-first heap   total reserved 6291456K, committed 1527808K, used 856064K [0x0000000680000000, 0x0000000800000000)
  region size 4096K, 21 young (86016K), 21 survivors (86016K)
}
Event: 42.273 {heap Before GC invocations=59 (full 0):
 garbage-first heap   total reserved 6291456K, committed 1527808K, used 1261568K [0x0000000680000000, 0x0000000800000000)
  region size 4096K, 139 young (569344K), 21 survivors (86016K)
}
Event: 42.332 {heap After GC invocations=60 (full 0):
 garbage-first heap   total reserved 6291456K, committed 1527808K, used 863933K [0x0000000680000000, 0x0000000800000000)
  region size 4096K, 18 young (73728K), 18 survivors (73728K)
}
Event: 44.815 {heap Before GC invocations=60 (full 0):
 garbage-first heap   total reserved 6291456K, committed 1527808K, used 1326781K [0x0000000680000000, 0x0000000800000000)
  region size 4096K, 131 young (536576K), 18 survivors (73728K)
}
Event: 44.873 {heap After GC invocations=61 (full 0):
 garbage-first heap   total reserved 6291456K, committed 1527808K, used 796672K [0x0000000680000000, 0x0000000800000000)
  region size 4096K, 17 young (69632K), 17 survivors (69632K)
}
Event: 47.403 {heap Before GC invocations=61 (full 0):
 garbage-first heap   total reserved 6291456K, committed 1527808K, used 1304576K [0x0000000680000000, 0x0000000800000000)
  region size 4096K, 141 young (577536K), 17 survivors (69632K)
}
Event: 47.460 {heap After GC invocations=62 (full 0):
 garbage-first heap   total reserved 6291456K, committed 1527808K, used 876101K [0x0000000680000000, 0x0000000800000000)
  region size 4096K, 18 young (73728K), 18 survivors (73728K)
}
Event: 49.663 {heap Before GC invocations=62 (full 0):
 garbage-first heap   total reserved 6291456K, committed 1527808K, used 1322565K [0x0000000680000000, 0x0000000800000000)
  region size 4096K, 127 young (520192K), 18 survivors (73728K)
}
Event: 49.716 {heap After GC invocations=63 (full 0):
 garbage-first heap   total reserved 6291456K, committed 1527808K, used 962239K [0x0000000680000000, 0x0000000800000000)
  region size 4096K, 16 young (65536K), 16 survivors (65536K)
}
Event: 51.756 {heap Before GC invocations=64 (full 0):
 garbage-first heap   total reserved 6291456K, committed 1605632K, used 1347263K [0x0000000680000000, 0x0000000800000000)
  region size 4096K, 110 young (450560K), 16 survivors (65536K)
}
Event: 51.803 {heap After GC invocations=65 (full 0):
 garbage-first heap   total reserved 6291456K, committed 1605632K, used 1033881K [0x0000000680000000, 0x0000000800000000)
  region size 4096K, 14 young (57344K), 14 survivors (57344K)
}
Event: 53.512 {heap Before GC invocations=65 (full 0):
 garbage-first heap   total reserved 6291456K, committed 1605632K, used 1414809K [0x0000000680000000, 0x0000000800000000)
  region size 4096K, 108 young (442368K), 14 survivors (57344K)
}
Event: 53.561 {heap After GC invocations=66 (full 0):
 garbage-first heap   total reserved 6291456K, committed 1605632K, used 1077248K [0x0000000680000000, 0x0000000800000000)
  region size 4096K, 14 young (57344K), 14 survivors (57344K)
}
Event: 55.175 {heap Before GC invocations=66 (full 0):
 garbage-first heap   total reserved 6291456K, committed 1605632K, used 1433600K [0x0000000680000000, 0x0000000800000000)
  region size 4096K, 101 young (413696K), 14 survivors (57344K)
}
Event: 55.218 {heap After GC invocations=67 (full 0):
 garbage-first heap   total reserved 6291456K, committed 1605632K, used 1144341K [0x0000000680000000, 0x0000000800000000)
  region size 4096K, 13 young (53248K), 13 survivors (53248K)
}

