# JRE version: OpenJDK Runtime Environment Temurin-25.0.2+10 (25.0.2+10) (build 25.0.2+10-LTS)
# Java VM: OpenJDK 64-Bit Server VM Temurin-25.0.2+10 (25.0.2+10-LTS, mixed mode, sharing, tiered, compressed oops, compressed class ptrs, g1 gc, windows-amd64)
GC Precious Log:
 CardTable entry size: 512
 Card Set container configuration: InlinePtr #cards 4 size 8 Array Of Cards #cards 32 size 80 Howl #buckets 8 coarsen threshold 7372 Howl Bitmap #cards 1024 size 144 coarsen threshold 921 Card regions per heap region 1 cards per card region 8192
 CPUs: 12 total, 12 available
 Memory: 15722M
 Large Page Support: Disabled
 NUMA Support: Disabled
 Compressed Oops: Enabled (Zero based)
 Heap Region Size: 4M
 Heap Min Capacity: 8M
 Heap Initial Capacity: 248M
 Heap Max Capacity: 6G
 Pre-touch: Disabled
 Parallel Workers: 10
 Concurrent Workers: 3
 Concurrent Refinement Workers: 10
 Periodic GC: Disabled
Heap:
 garbage-first heap   total reserved 6291456K, committed 892928K, used 684965K [0x0000000680000000, 0x0000000800000000)
  region size 4096K, 54 young (221184K), 10 survivors (40960K)
GC Heap Usage History (20 events):
Event: 145.750 {heap Before GC invocations=118 (full 0):
 garbage-first heap   total reserved 6291456K, committed 847872K, used 731455K [0x0000000680000000, 0x0000000800000000)
  region size 4096K, 124 young (507904K), 6 survivors (24576K)
}
Event: 145.759 {heap After GC invocations=119 (full 0):
 garbage-first heap   total reserved 6291456K, committed 847872K, used 238845K [0x0000000680000000, 0x0000000800000000)
  region size 4096K, 5 young (20480K), 5 survivors (20480K)
}
Event: 146.682 {heap Before GC invocations=119 (full 0):
 garbage-first heap   total reserved 6291456K, committed 847872K, used 726269K [0x0000000680000000, 0x0000000800000000)
  region size 4096K, 124 young (507904K), 5 survivors (20480K)
}
Event: 146.688 {heap After GC invocations=120 (full 0):
 garbage-first heap   total reserved 6291456K, committed 847872K, used 238162K [0x0000000680000000, 0x0000000800000000)
  region size 4096K, 3 young (12288K), 3 survivors (12288K)
}
Event: 147.425 {heap Before GC invocations=121 (full 0):
 garbage-first heap   total reserved 6291456K, committed 819200K, used 717394K [0x0000000680000000, 0x0000000800000000)
  region size 4096K, 120 young (491520K), 3 survivors (12288K)
}
Event: 147.432 {heap After GC invocations=122 (full 0):
 garbage-first heap   total reserved 6291456K, committed 819200K, used 242440K [0x0000000680000000, 0x0000000800000000)
  region size 4096K, 4 young (16384K), 4 survivors (16384K)
}
Event: 149.851 {heap Before GC invocations=122 (full 0):
 garbage-first heap   total reserved 6291456K, committed 819200K, used 713480K [0x0000000680000000, 0x0000000800000000)
  region size 4096K, 120 young (491520K), 4 survivors (16384K)
}
Event: 149.859 {heap After GC invocations=123 (full 0):
 garbage-first heap   total reserved 6291456K, committed 819200K, used 246881K [0x0000000680000000, 0x0000000800000000)
  region size 4096K, 5 young (20480K), 5 survivors (20480K)
}
Event: 151.270 {heap Before GC invocations=123 (full 0):
 garbage-first heap   total reserved 6291456K, committed 819200K, used 717921K [0x0000000680000000, 0x0000000800000000)
  region size 4096K, 120 young (491520K), 5 survivors (20480K)
}
Event: 151.279 {heap After GC invocations=124 (full 0):
 garbage-first heap   total reserved 6291456K, committed 819200K, used 253747K [0x0000000680000000, 0x0000000800000000)
  region size 4096K, 7 young (28672K), 7 survivors (28672K)
}
Event: 152.719 {heap Before GC invocations=125 (full 0):
 garbage-first heap   total reserved 6291456K, committed 819200K, used 724787K [0x0000000680000000, 0x0000000800000000)
  region size 4096K, 120 young (491520K), 7 survivors (28672K)
}
Event: 152.743 {heap After GC invocations=126 (full 0):
 garbage-first heap   total reserved 6291456K, committed 819200K, used 300008K [0x0000000680000000, 0x0000000800000000)
  region size 4096K, 15 young (61440K), 15 survivors (61440K)
}
Event: 157.258 {heap Before GC invocations=126 (full 0):
 garbage-first heap   total reserved 6291456K, committed 819200K, used 738280K [0x0000000680000000, 0x0000000800000000)
  region size 4096K, 120 young (491520K), 15 survivors (61440K)
}
Event: 157.318 {heap After GC invocations=127 (full 0):
 garbage-first heap   total reserved 6291456K, committed 892928K, used 385024K [0x0000000680000000, 0x0000000800000000)
  region size 4096K, 15 young (61440K), 15 survivors (61440K)
}
Event: 160.276 {heap Before GC invocations=127 (full 0):
 garbage-first heap   total reserved 6291456K, committed 892928K, used 630784K [0x0000000680000000, 0x0000000800000000)
  region size 4096K, 76 young (311296K), 15 survivors (61440K)
}
Event: 160.317 {heap After GC invocations=128 (full 0):
 garbage-first heap   total reserved 6291456K, committed 892928K, used 441475K [0x0000000680000000, 0x0000000800000000)
  region size 4096K, 12 young (49152K), 12 survivors (49152K)
}
Event: 162.109 {heap Before GC invocations=129 (full 0):
 garbage-first heap   total reserved 6291456K, committed 892928K, used 765059K [0x0000000680000000, 0x0000000800000000)
  region size 4096K, 89 young (364544K), 12 survivors (49152K)
}
Event: 162.137 {heap After GC invocations=130 (full 0):
 garbage-first heap   total reserved 6291456K, committed 892928K, used 473691K [0x0000000680000000, 0x0000000800000000)
  region size 4096K, 8 young (32768K), 8 survivors (32768K)
}
Event: 163.017 {heap Before GC invocations=130 (full 0):
 garbage-first heap   total reserved 6291456K, committed 892928K, used 768603K [0x0000000680000000, 0x0000000800000000)
  region size 4096K, 80 young (327680K), 8 survivors (32768K)
}
Event: 163.043 {heap After GC invocations=131 (full 0):
 garbage-first heap   total reserved 6291456K, committed 892928K, used 508837K [0x0000000680000000, 0x0000000800000000)
  region size 4096K, 10 young (40960K), 10 survivors (40960K)
}

