# JRE version: OpenJDK Runtime Environment Temurin-25.0.2+10 (25.0.2+10) (build 25.0.2+10-LTS)
# Java VM: OpenJDK 64-Bit Server VM Temurin-25.0.2+10 (25.0.2+10-LTS, mixed mode, sharing, tiered, compressed oops, compressed class ptrs, g1 gc, windows-amd64)
GC Precious Log:
 CardTable entry size: 512
 Card Set container configuration: InlinePtr #cards 4 size 8 Array Of Cards #cards 32 size 80 Howl #buckets 8 coarsen threshold 7372 Howl Bitmap #cards 1024 size 144 coarsen threshold 921 Card regions per heap region 1 cards per card region 8192
 CPUs: 12 total, 12 available
 Memory: 15722M
 Large Page Support: Disabled
 NUMA Support: Disabled
 Compressed Oops: Enabled (Zero based)
 Heap Region Size: 4M
 Heap Min Capacity: 8M
 Heap Initial Capacity: 248M
 Heap Max Capacity: 6G
 Pre-touch: Disabled
 Parallel Workers: 10
 Concurrent Workers: 3
 Concurrent Refinement Workers: 10
 Periodic GC: Disabled
Heap:
 garbage-first heap   total reserved 6291456K, committed 1716224K, used 1400832K [0x0000000680000000, 0x0000000800000000)
  region size 4096K, 48 young (196608K), 12 survivors (49152K)
GC Heap Usage History (20 events):
Event: 18.444 {heap Before GC invocations=49 (full 0):
 garbage-first heap   total reserved 6291456K, committed 987136K, used 807715K [0x0000000680000000, 0x0000000800000000)
  region size 4096K, 68 young (278528K), 5 survivors (20480K)
}
Event: 18.483 {heap After GC invocations=50 (full 0):
 garbage-first heap   total reserved 6291456K, committed 987136K, used 629950K [0x0000000680000000, 0x0000000800000000)
  region size 4096K, 9 young (36864K), 9 survivors (36864K)
}
Event: 19.376 {heap Before GC invocations=50 (full 0):
 garbage-first heap   total reserved 6291456K, committed 987136K, used 830654K [0x0000000680000000, 0x0000000800000000)
  region size 4096K, 58 young (237568K), 9 survivors (36864K)
}
Event: 19.414 {heap After GC invocations=51 (full 0):
 garbage-first heap   total reserved 6291456K, committed 987136K, used 687247K [0x0000000680000000, 0x0000000800000000)
  region size 4096K, 8 young (32768K), 8 survivors (32768K)
}
Event: 20.203 {heap Before GC invocations=51 (full 0):
 garbage-first heap   total reserved 6291456K, committed 987136K, used 863375K [0x0000000680000000, 0x0000000800000000)
  region size 4096K, 51 young (208896K), 8 survivors (32768K)
}
Event: 20.235 {heap After GC invocations=52 (full 0):
 garbage-first heap   total reserved 6291456K, committed 987136K, used 743911K [0x0000000680000000, 0x0000000800000000)
  region size 4096K, 7 young (28672K), 7 survivors (28672K)
}
Event: 21.098 {heap Before GC invocations=53 (full 0):
 garbage-first heap   total reserved 6291456K, committed 1245184K, used 887271K [0x0000000680000000, 0x0000000800000000)
  region size 4096K, 42 young (172032K), 7 survivors (28672K)
}
Event: 21.129 {heap After GC invocations=54 (full 0):
 garbage-first heap   total reserved 6291456K, committed 1245184K, used 789869K [0x0000000680000000, 0x0000000800000000)
  region size 4096K, 6 young (24576K), 6 survivors (24576K)
}
Event: 22.250 {heap Before GC invocations=54 (full 0):
 garbage-first heap   total reserved 6291456K, committed 1245184K, used 1052013K [0x0000000680000000, 0x0000000800000000)
  region size 4096K, 70 young (286720K), 6 survivors (24576K)
}
Event: 22.292 {heap After GC invocations=55 (full 0):
 garbage-first heap   total reserved 6291456K, committed 1245184K, used 864256K [0x0000000680000000, 0x0000000800000000)
  region size 4096K, 9 young (36864K), 9 survivors (36864K)
}
Event: 23.198 {heap Before GC invocations=55 (full 0):
 garbage-first heap   total reserved 6291456K, committed 1245184K, used 1089536K [0x0000000680000000, 0x0000000800000000)
  region size 4096K, 64 young (262144K), 9 survivors (36864K)
}
Event: 23.236 {heap After GC invocations=56 (full 0):
 garbage-first heap   total reserved 6291456K, committed 1716224K, used 933888K [0x0000000680000000, 0x0000000800000000)
  region size 4096K, 8 young (32768K), 8 survivors (32768K)
}
Event: 25.091 {heap Before GC invocations=57 (full 0):
 garbage-first heap   total reserved 6291456K, committed 1716224K, used 1376256K [0x0000000680000000, 0x0000000800000000)
  region size 4096K, 116 young (475136K), 8 survivors (32768K)
}
Event: 25.155 {heap After GC invocations=58 (full 0):
 garbage-first heap   total reserved 6291456K, committed 1716224K, used 1069056K [0x0000000680000000, 0x0000000800000000)
  region size 4096K, 15 young (61440K), 15 survivors (61440K)
}
Event: 27.011 {heap Before GC invocations=58 (full 0):
 garbage-first heap   total reserved 6291456K, committed 1716224K, used 1437696K [0x0000000680000000, 0x0000000800000000)
  region size 4096K, 105 young (430080K), 15 survivors (61440K)
}
Event: 27.062 {heap After GC invocations=59 (full 0):
 garbage-first heap   total reserved 6291456K, committed 1716224K, used 1136424K [0x0000000680000000, 0x0000000800000000)
  region size 4096K, 14 young (57344K), 14 survivors (57344K)
}
Event: 28.662 {heap Before GC invocations=59 (full 0):
 garbage-first heap   total reserved 6291456K, committed 1716224K, used 1480488K [0x0000000680000000, 0x0000000800000000)
  region size 4096K, 98 young (401408K), 14 survivors (57344K)
}
Event: 28.703 {heap After GC invocations=60 (full 0):
 garbage-first heap   total reserved 6291456K, committed 1716224K, used 1199232K [0x0000000680000000, 0x0000000800000000)
  region size 4096K, 13 young (53248K), 13 survivors (53248K)
}
Event: 30.138 {heap Before GC invocations=60 (full 0):
 garbage-first heap   total reserved 6291456K, committed 1716224K, used 1522816K [0x0000000680000000, 0x0000000800000000)
  region size 4096K, 92 young (376832K), 13 survivors (53248K)
}
Event: 30.177 {heap After GC invocations=61 (full 0):
 garbage-first heap   total reserved 6291456K, committed 1716224K, used 1257472K [0x0000000680000000, 0x0000000800000000)
  region size 4096K, 12 young (49152K), 12 survivors (49152K)
}

